Epoch: 0 	Training Loss: 358.418634
Epoch: 1 	Training Loss: 282.112405
Epoch: 2 	Training Loss: 264.064933
Epoch: 3 	Training Loss: 235.847261
Epoch: 4 	Training Loss: 217.866835
Epoch: 5 	Training Loss: 205.754846
Epoch: 6 	Training Loss: 197.191935
Epoch: 7 	Training Loss: 190.654724
Epoch: 8 	Training Loss: 185.759763
Epoch: 9 	Training Loss: 180.142064
Epoch: 10 	Training Loss: 177.749034
Epoch: 11 	Training Loss: 173.807920
Epoch: 12 	Training Loss: 170.715029
Epoch: 13 	Training Loss: 166.359009
Epoch: 14 	Training Loss: 163.236888
Epoch: 15 	Training Loss: 160.500185
Epoch: 16 	Training Loss: 160.242478
Epoch: 17 	Training Loss: 158.988953
Epoch: 18 	Training Loss: 169.299257
Epoch: 19 	Training Loss: 171.000968
Epoch: 20 	Training Loss: 167.876550
Epoch: 21 	Training Loss: 164.953329
Epoch: 22 	Training Loss: 162.578912
Epoch: 23 	Training Loss: 160.352905
Epoch: 24 	Training Loss: 157.983187
Epoch: 25 	Training Loss: 156.056236
Epoch: 26 	Training Loss: 154.518539
Epoch: 27 	Training Loss: 152.857174
Epoch: 28 	Training Loss: 151.395649
Epoch: 29 	Training Loss: 150.037528
Epoch: 30 	Training Loss: 148.632237
Epoch: 31 	Training Loss: 147.571546
Epoch: 32 	Training Loss: 146.176206
Epoch: 33 	Training Loss: 145.795227
Epoch: 34 	Training Loss: 144.721768
Epoch: 35 	Training Loss: 143.418946
Epoch: 36 	Training Loss: 142.373858
Epoch: 37 	Training Loss: 141.601963
Epoch: 38 	Training Loss: 140.851297
Epoch: 39 	Training Loss: 139.852566
Epoch: 40 	Training Loss: 139.009411
Epoch: 41 	Training Loss: 138.169397
Epoch: 42 	Training Loss: 137.270687
Epoch: 43 	Training Loss: 136.404522
Epoch: 44 	Training Loss: 135.581175
Epoch: 45 	Training Loss: 134.974077
Epoch: 46 	Training Loss: 134.145076
Epoch: 47 	Training Loss: 133.383046
Epoch: 48 	Training Loss: 132.794027
Epoch: 49 	Training Loss: 132.138280
Epoch: 50 	Training Loss: 131.383364
Epoch: 51 	Training Loss: 130.751217
Epoch: 52 	Training Loss: 130.123389
Epoch: 53 	Training Loss: 129.541495
Epoch: 54 	Training Loss: 128.945696
Epoch: 55 	Training Loss: 128.502109
Epoch: 56 	Training Loss: 127.950730
Epoch: 57 	Training Loss: 127.438215
Epoch: 58 	Training Loss: 127.009663
Epoch: 59 	Training Loss: 126.501778
Epoch: 60 	Training Loss: 126.044758
Epoch: 61 	Training Loss: 125.661723
Epoch: 62 	Training Loss: 125.253530
Epoch: 63 	Training Loss: 124.758839
Epoch: 64 	Training Loss: 124.569673
Epoch: 65 	Training Loss: 123.896793
Epoch: 66 	Training Loss: 123.757139
Epoch: 67 	Training Loss: 123.248865
Epoch: 68 	Training Loss: 122.855246
Epoch: 69 	Training Loss: 122.576672
Epoch: 70 	Training Loss: 122.116438
Epoch: 71 	Training Loss: 121.828755
Epoch: 72 	Training Loss: 121.573708
Epoch: 73 	Training Loss: 121.056463
Epoch: 74 	Training Loss: 120.786285
Epoch: 75 	Training Loss: 120.551321
Epoch: 76 	Training Loss: 120.258844
Epoch: 77 	Training Loss: 120.023305
Epoch: 78 	Training Loss: 119.433948
Epoch: 79 	Training Loss: 119.354276
Epoch: 80 	Training Loss: 118.933660
Epoch: 81 	Training Loss: 118.553654
Epoch: 82 	Training Loss: 118.060300
Epoch: 83 	Training Loss: 117.896920
Epoch: 84 	Training Loss: 117.525789
Epoch: 85 	Training Loss: 117.184412
Epoch: 86 	Training Loss: 117.003230
Epoch: 87 	Training Loss: 116.629164
Epoch: 88 	Training Loss: 116.399079
Epoch: 89 	Training Loss: 116.117811
Epoch: 90 	Training Loss: 115.987617
Epoch: 91 	Training Loss: 115.623264
Epoch: 92 	Training Loss: 115.395401
Epoch: 93 	Training Loss: 115.165094
Epoch: 94 	Training Loss: 115.044934
Epoch: 95 	Training Loss: 114.756187
Epoch: 96 	Training Loss: 114.470966
Epoch: 97 	Training Loss: 114.272638
Epoch: 98 	Training Loss: 114.169031
Epoch: 99 	Training Loss: 113.808983
Epoch: 100 	Training Loss: 113.623834
Epoch: 101 	Training Loss: 113.528871
Epoch: 102 	Training Loss: 113.205744
Epoch: 103 	Training Loss: 113.032183
Epoch: 104 	Training Loss: 112.803414
Epoch: 105 	Training Loss: 112.556912
Epoch: 106 	Training Loss: 112.309418
Epoch: 107 	Training Loss: 112.233330
Epoch: 108 	Training Loss: 111.939424
Epoch: 109 	Training Loss: 110.822127
Epoch: 110 	Training Loss: 110.766219
Epoch: 111 	Training Loss: 110.554966
Epoch: 112 	Training Loss: 110.356408
Epoch: 113 	Training Loss: 110.216715
Epoch: 114 	Training Loss: 110.102137
Epoch: 115 	Training Loss: 109.866936
Epoch: 116 	Training Loss: 109.676145
Epoch: 117 	Training Loss: 109.579168
Epoch: 118 	Training Loss: 109.541350
Epoch: 119 	Training Loss: 109.276074
Epoch: 120 	Training Loss: 109.046967
Epoch: 121 	Training Loss: 108.981675
Epoch: 122 	Training Loss: 108.761413
Epoch: 123 	Training Loss: 108.558342
Epoch: 124 	Training Loss: 108.479961
Epoch: 125 	Training Loss: 108.206192
Epoch: 126 	Training Loss: 108.145723
Epoch: 127 	Training Loss: 107.906072
Epoch: 128 	Training Loss: 107.873405
Epoch: 129 	Training Loss: 107.688962
Epoch: 130 	Training Loss: 107.505085
Epoch: 131 	Training Loss: 107.401565
Epoch: 132 	Training Loss: 107.174089
Epoch: 133 	Training Loss: 107.160623
Epoch: 134 	Training Loss: 106.917882
Epoch: 135 	Training Loss: 106.876848
Epoch: 136 	Training Loss: 106.587881
Epoch: 137 	Training Loss: 106.548878
Epoch: 138 	Training Loss: 106.336957
Epoch: 139 	Training Loss: 106.286700
Epoch: 140 	Training Loss: 105.992146
Epoch: 141 	Training Loss: 105.983515
Epoch: 142 	Training Loss: 105.787311
Epoch: 143 	Training Loss: 105.747850
Epoch: 144 	Training Loss: 105.544370
Epoch: 145 	Training Loss: 105.501789
Epoch: 146 	Training Loss: 105.295321
Epoch: 147 	Training Loss: 105.252615
Epoch: 148 	Training Loss: 105.050710
Epoch: 149 	Training Loss: 105.009945
Epoch: 150 	Training Loss: 104.809355
Epoch: 151 	Training Loss: 104.769751
Epoch: 152 	Training Loss: 104.570710
Epoch: 153 	Training Loss: 104.532459
Epoch: 154 	Training Loss: 104.412661
Epoch: 155 	Training Loss: 104.238000
Epoch: 156 	Training Loss: 104.208886
Epoch: 157 	Training Loss: 104.019144
Epoch: 158 	Training Loss: 103.988953
Epoch: 159 	Training Loss: 103.879579
Epoch: 160 	Training Loss: 103.653700
Epoch: 161 	Training Loss: 103.668236
Epoch: 162 	Training Loss: 103.464099
Epoch: 163 	Training Loss: 103.430642
Epoch: 164 	Training Loss: 103.314871
Epoch: 165 	Training Loss: 103.129772
Epoch: 166 	Training Loss: 103.104180
Epoch: 167 	Training Loss: 102.996321
Epoch: 168 	Training Loss: 102.781872
Epoch: 169 	Training Loss: 102.787646
Epoch: 170 	Training Loss: 102.620936
Epoch: 171 	Training Loss: 102.592761
Epoch: 172 	Training Loss: 102.486148
Epoch: 173 	Training Loss: 102.278666
Epoch: 174 	Training Loss: 102.273638
Epoch: 175 	Training Loss: 102.175243
Epoch: 176 	Training Loss: 101.980602
Epoch: 177 	Training Loss: 101.985371
Epoch: 178 	Training Loss: 101.874149
Epoch: 179 	Training Loss: 101.770344
Epoch: 180 	Training Loss: 101.569807
Epoch: 181 	Training Loss: 101.591111
Epoch: 182 	Training Loss: 101.496951
Epoch: 183 	Training Loss: 101.405820
Epoch: 184 	Training Loss: 101.302186
Epoch: 185 	Training Loss: 101.097023
Epoch: 186 	Training Loss: 101.114206
Epoch: 187 	Training Loss: 101.037042
Epoch: 188 	Training Loss: 100.931089
Epoch: 189 	Training Loss: 100.792255
Epoch: 190 	Training Loss: 100.757108
Epoch: 191 	Training Loss: 100.669779
Epoch: 192 	Training Loss: 100.566559
Epoch: 193 	Training Loss: 100.489049
Epoch: 194 	Training Loss: 100.350286
Epoch: 195 	Training Loss: 100.318747
Epoch: 196 	Training Loss: 100.214843
Epoch: 197 	Training Loss: 100.141830
Epoch: 198 	Training Loss: 100.006525
Epoch: 199 	Training Loss: 99.973940
Epoch: 200 	Training Loss: 99.873094
Epoch: 201 	Training Loss: 99.801833
Epoch: 202 	Training Loss: 99.668859
Epoch: 203 	Training Loss: 99.638032
Epoch: 204 	Training Loss: 99.539670
Epoch: 205 	Training Loss: 99.451143
Epoch: 206 	Training Loss: 99.337273
Epoch: 207 	Training Loss: 99.314429
Epoch: 208 	Training Loss: 99.218694
Epoch: 209 	Training Loss: 99.129828
Epoch: 210 	Training Loss: 99.019284
Epoch: 211 	Training Loss: 98.992087
Epoch: 212 	Training Loss: 98.899505
Epoch: 213 	Training Loss: 98.787659
Epoch: 214 	Training Loss: 98.730379
Epoch: 215 	Training Loss: 98.684345
Epoch: 216 	Training Loss: 98.544849
Epoch: 217 	Training Loss: 98.503959
Epoch: 218 	Training Loss: 98.417886
Epoch: 219 	Training Loss: 98.308986
Epoch: 220 	Training Loss: 98.268940
Epoch: 221 	Training Loss: 98.182931
Epoch: 222 	Training Loss: 98.074327
Epoch: 223 	Training Loss: 98.032288
Epoch: 224 	Training Loss: 97.992225
Epoch: 225 	Training Loss: 97.863256
Epoch: 226 	Training Loss: 97.818678
Epoch: 227 	Training Loss: 97.778166
Epoch: 228 	Training Loss: 97.579871
Epoch: 229 	Training Loss: 97.525012
Epoch: 230 	Training Loss: 97.561881
Epoch: 231 	Training Loss: 97.460630
Epoch: 232 	Training Loss: 97.427524
Epoch: 233 	Training Loss: 97.323892
Epoch: 234 	Training Loss: 97.394947
Epoch: 235 	Training Loss: 97.194770
Epoch: 236 	Training Loss: 97.132492
Epoch: 237 	Training Loss: 97.217220
Epoch: 238 	Training Loss: 96.999807
Epoch: 239 	Training Loss: 97.040929
Epoch: 240 	Training Loss: 96.880393
Epoch: 241 	Training Loss: 96.897534
Epoch: 242 	Training Loss: 96.815608
Epoch: 243 	Training Loss: 96.753261
Epoch: 244 	Training Loss: 96.750352
Epoch: 245 	Training Loss: 96.627577
Epoch: 246 	Training Loss: 96.565413
Epoch: 247 	Training Loss: 96.524748
Epoch: 248 	Training Loss: 96.371913
Epoch: 249 	Training Loss: 96.403083
Epoch: 250 	Training Loss: 96.277679
Epoch: 251 	Training Loss: 96.273304
Epoch: 252 	Training Loss: 96.152633
Epoch: 253 	Training Loss: 96.158590
Epoch: 254 	Training Loss: 96.038569
Epoch: 255 	Training Loss: 96.021316
Epoch: 256 	Training Loss: 95.975028
Epoch: 257 	Training Loss: 95.800085
Epoch: 258 	Training Loss: 95.855198
Epoch: 259 	Training Loss: 95.776544
Epoch: 260 	Training Loss: 95.674029
Epoch: 261 	Training Loss: 95.659521
Epoch: 262 	Training Loss: 95.669634
Epoch: 263 	Training Loss: 95.431971
Epoch: 264 	Training Loss: 95.463034
Epoch: 265 	Training Loss: 95.360632
Epoch: 266 	Training Loss: 95.270402
Epoch: 267 	Training Loss: 95.245771
Epoch: 268 	Training Loss: 95.083149
Epoch: 269 	Training Loss: 95.062177
Epoch: 270 	Training Loss: 95.064295
Epoch: 271 	Training Loss: 94.909789
Epoch: 272 	Training Loss: 94.907749
Epoch: 273 	Training Loss: 94.866848
Epoch: 274 	Training Loss: 94.752744
Epoch: 275 	Training Loss: 94.740035
Epoch: 276 	Training Loss: 94.752838
Epoch: 277 	Training Loss: 94.633994
Epoch: 278 	Training Loss: 94.537380
Epoch: 279 	Training Loss: 94.522962
Epoch: 280 	Training Loss: 94.536863
Epoch: 281 	Training Loss: 94.421456
Epoch: 282 	Training Loss: 94.336516
Epoch: 283 	Training Loss: 94.284606
Epoch: 284 	Training Loss: 94.285706
Epoch: 285 	Training Loss: 94.221943
Epoch: 286 	Training Loss: 94.226918
Epoch: 287 	Training Loss: 94.093846
Epoch: 288 	Training Loss: 94.121897
Epoch: 289 	Training Loss: 93.999092
Epoch: 290 	Training Loss: 93.909374
Epoch: 291 	Training Loss: 93.927937
Epoch: 292 	Training Loss: 93.850518
Epoch: 293 	Training Loss: 93.846080
Epoch: 294 	Training Loss: 93.761230
Epoch: 295 	Training Loss: 93.811536
Epoch: 296 	Training Loss: 93.633661
Epoch: 297 	Training Loss: 93.649015
Epoch: 298 	Training Loss: 93.593525
Epoch: 299 	Training Loss: 93.569190
Number of training 300
Pass rate:0.7927596769702033
Train version: 2
Test version: 2
