Epoch: 0 	Training Loss: 343.342627
Epoch: 1 	Training Loss: 283.303181
Epoch: 2 	Training Loss: 244.624663
Epoch: 3 	Training Loss: 233.384075
Epoch: 4 	Training Loss: 226.875064
Epoch: 5 	Training Loss: 218.580858
Epoch: 6 	Training Loss: 210.313372
Epoch: 7 	Training Loss: 203.447275
Epoch: 8 	Training Loss: 199.932803
Epoch: 9 	Training Loss: 193.262376
Epoch: 10 	Training Loss: 189.643922
Epoch: 11 	Training Loss: 185.458543
Epoch: 12 	Training Loss: 179.411230
Epoch: 13 	Training Loss: 179.358291
Epoch: 14 	Training Loss: 175.655682
Epoch: 15 	Training Loss: 172.145988
Epoch: 16 	Training Loss: 169.915035
Epoch: 17 	Training Loss: 165.905572
Epoch: 18 	Training Loss: 162.052210
Epoch: 19 	Training Loss: 160.362034
Epoch: 20 	Training Loss: 162.197204
Epoch: 21 	Training Loss: 155.398841
Epoch: 22 	Training Loss: 155.018706
Epoch: 23 	Training Loss: 153.204493
Epoch: 24 	Training Loss: 149.386318
Epoch: 25 	Training Loss: 147.376397
Epoch: 26 	Training Loss: 146.583380
Epoch: 27 	Training Loss: 144.338435
Epoch: 28 	Training Loss: 142.303442
Epoch: 29 	Training Loss: 141.092005
Epoch: 30 	Training Loss: 137.644922
Epoch: 31 	Training Loss: 135.625010
Epoch: 32 	Training Loss: 137.215799
Epoch: 33 	Training Loss: 136.085457
Epoch: 34 	Training Loss: 135.820317
Epoch: 35 	Training Loss: 134.511648
Epoch: 36 	Training Loss: 132.584505
Epoch: 37 	Training Loss: 135.408599
Epoch: 38 	Training Loss: 134.244809
Epoch: 39 	Training Loss: 132.912287
Epoch: 40 	Training Loss: 131.078883
Epoch: 41 	Training Loss: 130.787668
Epoch: 42 	Training Loss: 129.134393
Epoch: 43 	Training Loss: 127.187046
Epoch: 44 	Training Loss: 127.478754
Epoch: 45 	Training Loss: 124.511630
Epoch: 46 	Training Loss: 124.324092
Epoch: 47 	Training Loss: 123.503080
Epoch: 48 	Training Loss: 124.703267
Epoch: 49 	Training Loss: 122.034880
Epoch: 50 	Training Loss: 122.135594
Epoch: 51 	Training Loss: 120.347353
Epoch: 52 	Training Loss: 120.277000
Epoch: 53 	Training Loss: 119.025408
Epoch: 54 	Training Loss: 118.539857
Epoch: 55 	Training Loss: 117.347211
Epoch: 56 	Training Loss: 115.580239
Epoch: 57 	Training Loss: 116.653386
Epoch: 58 	Training Loss: 116.324793
Epoch: 59 	Training Loss: 115.114897
Epoch: 60 	Training Loss: 114.580392
Epoch: 61 	Training Loss: 114.043991
Epoch: 62 	Training Loss: 113.244141
Epoch: 63 	Training Loss: 112.570443
Epoch: 64 	Training Loss: 112.154259
Epoch: 65 	Training Loss: 110.482476
Epoch: 66 	Training Loss: 110.633655
Epoch: 67 	Training Loss: 110.985155
Epoch: 68 	Training Loss: 109.518877
Epoch: 69 	Training Loss: 108.379760
Epoch: 70 	Training Loss: 106.905533
Epoch: 71 	Training Loss: 106.449257
Epoch: 72 	Training Loss: 107.572251
Epoch: 73 	Training Loss: 106.921895
Epoch: 74 	Training Loss: 106.037053
Epoch: 75 	Training Loss: 105.476765
Epoch: 76 	Training Loss: 104.437650
Epoch: 77 	Training Loss: 104.458396
Epoch: 78 	Training Loss: 103.489323
Epoch: 79 	Training Loss: 102.469479
Epoch: 80 	Training Loss: 101.712176
Epoch: 81 	Training Loss: 101.311373
Epoch: 82 	Training Loss: 101.146985
Epoch: 83 	Training Loss: 101.990508
Epoch: 84 	Training Loss: 99.810727
Epoch: 85 	Training Loss: 98.969965
Epoch: 86 	Training Loss: 100.087877
Epoch: 87 	Training Loss: 97.850522
Epoch: 88 	Training Loss: 100.438508
Epoch: 89 	Training Loss: 99.715705
Epoch: 90 	Training Loss: 96.911858
Epoch: 91 	Training Loss: 97.117550
Epoch: 92 	Training Loss: 96.376531
Epoch: 93 	Training Loss: 98.783999
Epoch: 94 	Training Loss: 95.587083
Epoch: 95 	Training Loss: 95.354911
Epoch: 96 	Training Loss: 94.991325
Epoch: 97 	Training Loss: 94.421870
Epoch: 98 	Training Loss: 94.392002
Epoch: 99 	Training Loss: 95.062633
Epoch: 100 	Training Loss: 94.024021
Epoch: 101 	Training Loss: 93.930977
Epoch: 102 	Training Loss: 93.799990
Epoch: 103 	Training Loss: 93.471372
Epoch: 104 	Training Loss: 93.413586
Epoch: 105 	Training Loss: 93.226637
Epoch: 106 	Training Loss: 96.140853
Epoch: 107 	Training Loss: 93.108503
Epoch: 108 	Training Loss: 92.466718
Epoch: 109 	Training Loss: 92.335122
Epoch: 110 	Training Loss: 91.913257
Epoch: 111 	Training Loss: 92.762268
Epoch: 112 	Training Loss: 92.192752
Epoch: 113 	Training Loss: 90.941354
Epoch: 114 	Training Loss: 91.555275
Epoch: 115 	Training Loss: 91.319395
Epoch: 116 	Training Loss: 91.655488
Epoch: 117 	Training Loss: 91.031495
Epoch: 118 	Training Loss: 90.454334
Epoch: 119 	Training Loss: 89.914346
Epoch: 120 	Training Loss: 91.385965
Epoch: 121 	Training Loss: 89.654984
Epoch: 122 	Training Loss: 90.230397
Epoch: 123 	Training Loss: 89.643926
Epoch: 124 	Training Loss: 88.846555
Epoch: 125 	Training Loss: 88.924449
Epoch: 126 	Training Loss: 88.728044
Epoch: 127 	Training Loss: 88.923020
Epoch: 128 	Training Loss: 88.376885
Epoch: 129 	Training Loss: 89.009536
Epoch: 130 	Training Loss: 88.076603
Epoch: 131 	Training Loss: 88.533983
Epoch: 132 	Training Loss: 88.401109
Epoch: 133 	Training Loss: 88.117857
Epoch: 134 	Training Loss: 87.192777
Epoch: 135 	Training Loss: 87.962590
Epoch: 136 	Training Loss: 87.376437
Epoch: 137 	Training Loss: 88.837296
Epoch: 138 	Training Loss: 88.512885
Epoch: 139 	Training Loss: 87.977721
Epoch: 140 	Training Loss: 87.401732
Epoch: 141 	Training Loss: 87.028909
Epoch: 142 	Training Loss: 86.293323
Epoch: 143 	Training Loss: 87.323618
Epoch: 144 	Training Loss: 86.409409
Epoch: 145 	Training Loss: 86.109960
Epoch: 146 	Training Loss: 85.303609
Epoch: 147 	Training Loss: 85.690468
Epoch: 148 	Training Loss: 85.256494
Epoch: 149 	Training Loss: 84.961486
Epoch: 150 	Training Loss: 85.124915
Epoch: 151 	Training Loss: 84.427113
Epoch: 152 	Training Loss: 85.745311
Epoch: 153 	Training Loss: 84.226502
Epoch: 154 	Training Loss: 85.333630
Epoch: 155 	Training Loss: 83.765402
Epoch: 156 	Training Loss: 86.415673
Epoch: 157 	Training Loss: 84.576488
Epoch: 158 	Training Loss: 84.473265
Epoch: 159 	Training Loss: 83.811833
Epoch: 160 	Training Loss: 83.157482
Epoch: 161 	Training Loss: 83.036071
Epoch: 162 	Training Loss: 82.631062
Epoch: 163 	Training Loss: 82.993037
Epoch: 164 	Training Loss: 82.949797
Epoch: 165 	Training Loss: 83.503125
Epoch: 166 	Training Loss: 82.625654
Epoch: 167 	Training Loss: 81.898380
Epoch: 168 	Training Loss: 83.652198
Epoch: 169 	Training Loss: 83.304289
Epoch: 170 	Training Loss: 82.206574
Epoch: 171 	Training Loss: 82.258023
Epoch: 172 	Training Loss: 82.146676
Epoch: 173 	Training Loss: 83.002189
Epoch: 174 	Training Loss: 82.585598
Epoch: 175 	Training Loss: 82.402981
Epoch: 176 	Training Loss: 82.539339
Epoch: 177 	Training Loss: 82.123171
Epoch: 178 	Training Loss: 82.210412
Epoch: 179 	Training Loss: 81.773884
Epoch: 180 	Training Loss: 82.549424
Epoch: 181 	Training Loss: 82.402800
Epoch: 182 	Training Loss: 82.719266
Epoch: 183 	Training Loss: 82.499327
Epoch: 184 	Training Loss: 81.433831
Epoch: 185 	Training Loss: 82.461569
Epoch: 186 	Training Loss: 83.909908
Epoch: 187 	Training Loss: 84.296244
Epoch: 188 	Training Loss: 85.077833
Epoch: 189 	Training Loss: 83.016283
Epoch: 190 	Training Loss: 81.920159
Epoch: 191 	Training Loss: 81.296293
Epoch: 192 	Training Loss: 81.000842
Epoch: 193 	Training Loss: 81.718967
Epoch: 194 	Training Loss: 81.068068
Epoch: 195 	Training Loss: 79.843474
Epoch: 196 	Training Loss: 79.899075
Epoch: 197 	Training Loss: 80.077391
Epoch: 198 	Training Loss: 80.077629
Epoch: 199 	Training Loss: 81.591211
Number of training 200
Pass rate:0.7773322194374825
Train version: 2
Test version: 2

512 0.7773322194374825