Epoch: 0 	Training Loss: 722.232137
Epoch: 1 	Training Loss: 558.745480
Epoch: 2 	Training Loss: 558.396224
Epoch: 3 	Training Loss: 558.394710
Epoch: 4 	Training Loss: 558.394578
Epoch: 5 	Training Loss: 558.394588
Epoch: 6 	Training Loss: 558.394593
Epoch: 7 	Training Loss: 558.394595
Epoch: 8 	Training Loss: 558.394595
Epoch: 9 	Training Loss: 558.394595
Epoch: 10 	Training Loss: 558.394595
Epoch: 11 	Training Loss: 558.394595
Epoch: 12 	Training Loss: 558.394595
Epoch: 13 	Training Loss: 558.394595
Epoch: 14 	Training Loss: 558.394595
Epoch: 15 	Training Loss: 558.394595
Epoch: 16 	Training Loss: 558.394595
Epoch: 17 	Training Loss: 558.394595
Epoch: 18 	Training Loss: 558.394595
Epoch: 19 	Training Loss: 558.394595
Number of training 20
Pass rate:0.4911723753829017
Train version: 2
Test version: 2
