Epoch: 0 	Training Loss: 428.714962
Epoch: 1 	Training Loss: 550.151270
Epoch: 2 	Training Loss: 564.223294
Epoch: 3 	Training Loss: 561.945215
Epoch: 4 	Training Loss: 561.966411
Epoch: 5 	Training Loss: 561.967065
Epoch: 6 	Training Loss: 561.967092
Epoch: 7 	Training Loss: 561.967112
Epoch: 8 	Training Loss: 561.967125
Epoch: 9 	Training Loss: 561.967125
Epoch: 10 	Training Loss: 561.967125
Epoch: 11 	Training Loss: 561.967125
Epoch: 12 	Training Loss: 561.967125
Epoch: 13 	Training Loss: 561.967125
Epoch: 14 	Training Loss: 561.967125
Epoch: 15 	Training Loss: 561.967125
Epoch: 16 	Training Loss: 561.967125
Epoch: 17 	Training Loss: 561.967125
Epoch: 18 	Training Loss: 561.967125
Epoch: 19 	Training Loss: 561.967125
Number of training 20
Pass rate:0.4911723753829017
Train version: 2
Test version: 2

0.05