Epoch: 0 	Training Loss: 365.231288
Epoch: 1 	Training Loss: 278.792951
Epoch: 2 	Training Loss: 242.669200
Epoch: 3 	Training Loss: 229.993712
Epoch: 4 	Training Loss: 212.840278
Epoch: 5 	Training Loss: 214.944696
Epoch: 6 	Training Loss: 208.262075
Epoch: 7 	Training Loss: 203.541539
Epoch: 8 	Training Loss: 198.021341
Epoch: 9 	Training Loss: 193.348507
Epoch: 10 	Training Loss: 188.595992
Epoch: 11 	Training Loss: 186.777221
Epoch: 12 	Training Loss: 182.497147
Epoch: 13 	Training Loss: 179.011114
Epoch: 14 	Training Loss: 176.437994
Epoch: 15 	Training Loss: 173.203760
Epoch: 16 	Training Loss: 171.877212
Epoch: 17 	Training Loss: 167.990039
Epoch: 18 	Training Loss: 165.249366
Epoch: 19 	Training Loss: 163.933603
Number of training 20
Pass rate:0.8147591200222779
Train version: 2
Test version: 2
