/public/home/cs177h/zhujl/miniconda3/envs/cs177/lib/python3.10/site-packages/torch/nn/modules/loss.py:536: UserWarning: Using a target size (torch.Size([])) that is different to the input size (torch.Size([1])). This will likely lead to incorrect results due to broadcasting. Please ensure they have the same size.
  return F.mse_loss(input, target, reduction=self.reduction)
Epoch: 0        Training Loss: 386.082776
Epoch: 1        Training Loss: 304.227827
Epoch: 2        Training Loss: 276.647632
Epoch: 3        Training Loss: 259.120963
Epoch: 4        Training Loss: 250.038320
Epoch: 5        Training Loss: 241.205476
Epoch: 6        Training Loss: 233.899322
Epoch: 7        Training Loss: 227.809273
Epoch: 8        Training Loss: 222.316776
Epoch: 9        Training Loss: 217.436932
Epoch: 10       Training Loss: 212.552428
Epoch: 11       Training Loss: 208.660534
Epoch: 12       Training Loss: 204.906562
Epoch: 13       Training Loss: 201.532202
Epoch: 14       Training Loss: 198.545848
Epoch: 15       Training Loss: 195.573966
Epoch: 16       Training Loss: 192.617712
Epoch: 17       Training Loss: 190.060980
Epoch: 18       Training Loss: 187.668476
Epoch: 19       Training Loss: 185.117973
Epoch: 20       Training Loss: 182.832034
Epoch: 21       Training Loss: 180.501101
Epoch: 22       Training Loss: 178.767394
Epoch: 23       Training Loss: 176.835106
Epoch: 24       Training Loss: 174.719815
Epoch: 25       Training Loss: 172.797624
Epoch: 26       Training Loss: 171.263061
Epoch: 27       Training Loss: 169.460007
Epoch: 28       Training Loss: 167.846674
Epoch: 29       Training Loss: 166.460025
Epoch: 30       Training Loss: 165.340822
Epoch: 31       Training Loss: 164.129910
Epoch: 32       Training Loss: 162.957953
Epoch: 33       Training Loss: 162.093053
Epoch: 34       Training Loss: 161.098320
Epoch: 35       Training Loss: 160.206440
Epoch: 36       Training Loss: 159.155808
Epoch: 37       Training Loss: 158.308896
Epoch: 38       Training Loss: 157.415077
Epoch: 39       Training Loss: 156.576232
Epoch: 40       Training Loss: 155.841062
Epoch: 41       Training Loss: 154.959957
Epoch: 42       Training Loss: 154.262860
Epoch: 43       Training Loss: 153.600061
Epoch: 44       Training Loss: 152.969595
Epoch: 45       Training Loss: 152.154990
Epoch: 46       Training Loss: 151.507179
Epoch: 47       Training Loss: 150.703534
Epoch: 48       Training Loss: 150.247382
Epoch: 49       Training Loss: 149.375577
Epoch: 50       Training Loss: 148.830980
Epoch: 51       Training Loss: 148.262238
Epoch: 52       Training Loss: 147.632375
Epoch: 53       Training Loss: 147.011215
Epoch: 54       Training Loss: 146.534796
Epoch: 55       Training Loss: 146.025559
Epoch: 56       Training Loss: 145.521725
Epoch: 57       Training Loss: 145.011326
Epoch: 58       Training Loss: 144.519842
Epoch: 59       Training Loss: 144.053232
Epoch: 60       Training Loss: 143.592639
Epoch: 61       Training Loss: 143.139292
Epoch: 62       Training Loss: 142.696303
Epoch: 63       Training Loss: 142.262571
Epoch: 64       Training Loss: 141.835577
Epoch: 65       Training Loss: 141.461685
Epoch: 66       Training Loss: 141.046446
Epoch: 67       Training Loss: 140.639899
Epoch: 68       Training Loss: 140.241409
Epoch: 69       Training Loss: 139.849906
Epoch: 70       Training Loss: 139.473961
Epoch: 71       Training Loss: 139.110203
Epoch: 72       Training Loss: 138.732234
Epoch: 73       Training Loss: 138.382879
Epoch: 74       Training Loss: 138.005613
Epoch: 75       Training Loss: 137.665954
Epoch: 76       Training Loss: 137.250323
Epoch: 77       Training Loss: 136.962770
Epoch: 78       Training Loss: 136.561402
Epoch: 79       Training Loss: 136.286687
Epoch: 80       Training Loss: 135.909914
Epoch: 81       Training Loss: 135.646711
Epoch: 82       Training Loss: 135.274318
Epoch: 83       Training Loss: 134.930836
Epoch: 84       Training Loss: 134.687414
Epoch: 85       Training Loss: 134.392629
Epoch: 86       Training Loss: 134.100020
Epoch: 87       Training Loss: 133.809022
Epoch: 88       Training Loss: 133.456096
Epoch: 89       Training Loss: 133.258639
Epoch: 90       Training Loss: 132.977268
Epoch: 91       Training Loss: 132.674871
Epoch: 92       Training Loss: 132.394647
Epoch: 93       Training Loss: 132.129287
Epoch: 94       Training Loss: 131.862618
Epoch: 95       Training Loss: 131.596848
Epoch: 96       Training Loss: 131.336405
Epoch: 97       Training Loss: 131.077310
Epoch: 98       Training Loss: 130.819734
Epoch: 99       Training Loss: 130.564185
Epoch: 100      Training Loss: 130.310894
Epoch: 101      Training Loss: 130.060096
Epoch: 102      Training Loss: 129.813287
Epoch: 103      Training Loss: 129.638866
Epoch: 104      Training Loss: 129.393505
Epoch: 105      Training Loss: 129.149594
Epoch: 106      Training Loss: 128.951656
Epoch: 107      Training Loss: 128.712765
Epoch: 108      Training Loss: 128.477140
Epoch: 109      Training Loss: 128.249821
Epoch: 110      Training Loss: 128.019496
Epoch: 111      Training Loss: 127.789439
Epoch: 112      Training Loss: 127.559938
Epoch: 113      Training Loss: 127.333245
Epoch: 114      Training Loss: 127.108769
Epoch: 115      Training Loss: 126.891214
Epoch: 116      Training Loss: 126.673318
Epoch: 117      Training Loss: 126.449764
Epoch: 118      Training Loss: 126.230016
Epoch: 119      Training Loss: 126.012820
Epoch: 120      Training Loss: 125.798339
Epoch: 121      Training Loss: 125.585723
Epoch: 122      Training Loss: 125.383576
Epoch: 123      Training Loss: 125.156654
Epoch: 124      Training Loss: 124.962991
Epoch: 125      Training Loss: 124.750397
Epoch: 126      Training Loss: 124.545266
Epoch: 127      Training Loss: 124.347280
Epoch: 128      Training Loss: 124.142233
Epoch: 129      Training Loss: 123.955285
Epoch: 130      Training Loss: 123.742836
Epoch: 131      Training Loss: 123.549016
Epoch: 132      Training Loss: 123.341015
Epoch: 133      Training Loss: 123.161788
Epoch: 134      Training Loss: 123.002971
Epoch: 135      Training Loss: 122.881718
Epoch: 136      Training Loss: 122.678029
Epoch: 137      Training Loss: 122.503443
Epoch: 138      Training Loss: 122.329306
Epoch: 139      Training Loss: 122.044774
Epoch: 140      Training Loss: 121.939508
Epoch: 141      Training Loss: 121.757638
Epoch: 142      Training Loss: 121.653915
Epoch: 143      Training Loss: 121.411402
Epoch: 144      Training Loss: 121.229305
Epoch: 145      Training Loss: 121.133638
Epoch: 146      Training Loss: 120.875774
Epoch: 147      Training Loss: 120.717180
Epoch: 148      Training Loss: 120.619503
Epoch: 149      Training Loss: 120.354276
Epoch: 150      Training Loss: 120.205086
Epoch: 151      Training Loss: 120.114177
Epoch: 152      Training Loss: 119.869420
Epoch: 153      Training Loss: 119.780255
Epoch: 154      Training Loss: 119.537052
Epoch: 155      Training Loss: 119.476205
Epoch: 156      Training Loss: 119.235365
Epoch: 157      Training Loss: 119.157809
Epoch: 158      Training Loss: 118.915455
Epoch: 159      Training Loss: 118.835508
Epoch: 160      Training Loss: 118.598684
Epoch: 161      Training Loss: 118.538122
Epoch: 162      Training Loss: 118.301920
Epoch: 163      Training Loss: 118.223760
Epoch: 164      Training Loss: 117.994159
Epoch: 165      Training Loss: 117.919600
Epoch: 166      Training Loss: 117.691750
Epoch: 167      Training Loss: 117.619323
Epoch: 168      Training Loss: 117.348964
Epoch: 169      Training Loss: 117.273996
Epoch: 170      Training Loss: 117.129422
Epoch: 171      Training Loss: 116.903340
Epoch: 172      Training Loss: 116.834721
Epoch: 173      Training Loss: 116.694262
Epoch: 174      Training Loss: 116.471283
Epoch: 175      Training Loss: 116.405112
Epoch: 176      Training Loss: 116.267170
Epoch: 177      Training Loss: 116.096169
Epoch: 178      Training Loss: 115.876407
Epoch: 179      Training Loss: 115.812243
Epoch: 180      Training Loss: 115.677017
Epoch: 181      Training Loss: 115.540990
Epoch: 182      Training Loss: 115.324985
Epoch: 183      Training Loss: 115.264725
Epoch: 184      Training Loss: 115.133650
Epoch: 185      Training Loss: 115.001813
Epoch: 186      Training Loss: 114.870205
Epoch: 187      Training Loss: 114.659519
Epoch: 188      Training Loss: 114.603544
Epoch: 189      Training Loss: 114.477090
Epoch: 190      Training Loss: 114.349918
Epoch: 191      Training Loss: 114.222901
Epoch: 192      Training Loss: 114.017222
Epoch: 193      Training Loss: 113.982681
Epoch: 194      Training Loss: 113.859506
Epoch: 195      Training Loss: 113.668469
Epoch: 196      Training Loss: 113.639805
Epoch: 197      Training Loss: 113.441192
Epoch: 198      Training Loss: 113.396693
Epoch: 199      Training Loss: 113.197784
Number of training 200
Pass rate:0.8109161793372319
Train version: 0
Test version: 0